This file contains any messages produced by compilers while
running configure, to aid debugging if configure makes a mistake.

It was created by bcg729 configure 1.0.1, which was
generated by GNU Autoconf 2.69.  Invocation command line was

  $ ./configure 

## --------- ##
## Platform. ##
## --------- ##

hostname = ip-172-31-45-22
uname -m = x86_64
uname -r = 3.16.0-4-amd64
uname -s = Linux
uname -v = #1 SMP Debian 3.16.39-1+deb8u2 (2017-03-07)

/usr/bin/uname -p = unknown
/bin/uname -X     = unknown

/bin/arch              = unknown
/usr/bin/arch -k       = unknown
/usr/convex/getsysinfo = unknown
/usr/bin/hostinfo      = unknown
/bin/machine           = unknown
/usr/bin/oslevel       = unknown
/bin/universe          = unknown

PATH: /usr/local/sbin
PATH: /usr/local/bin
PATH: /usr/sbin
PATH: /usr/bin
PATH: /sbin
PATH: /bin


## ----------- ##
## Core tests. ##
## ----------- ##

configure:2185: checking build system type
configure:2199: result: x86_64-unknown-linux-gnu
configure:2219: checking host system type
configure:2232: result: x86_64-unknown-linux-gnu
configure:2252: checking target system type
configure:2265: result: x86_64-unknown-linux-gnu
configure:2311: checking for a BSD-compatible install
configure:2379: result: /usr/bin/install -c
configure:2390: checking whether build environment is sane
configure:2445: result: yes
configure:2596: checking for a thread-safe mkdir -p
configure:2635: result: /bin/mkdir -p
configure:2642: checking for gawk
configure:2658: found /usr/bin/gawk
configure:2669: result: gawk
configure:2680: checking whether make sets $(MAKE)
configure:2702: result: yes
configure:2731: checking whether make supports nested variables
configure:2748: result: yes
configure:2837: checking whether UID '0' is supported by ustar format
configure:2840: result: yes
configure:2847: checking whether GID '0' is supported by ustar format
configure:2850: result: yes
configure:2858: checking how to create a ustar tar archive
configure:2869: tar --version
tar (GNU tar) 1.27.1
Copyright (C) 2013 Free Software Foundation, Inc.
License GPLv3+: GNU GPL version 3 or later <http://gnu.org/licenses/gpl.html>.
This is free software: you are free to change and redistribute it.
There is NO WARRANTY, to the extent permitted by law.

Written by John Gilmore and Jay Fenlason.
configure:2872: $? = 0
configure:2912: tardir=conftest.dir && eval tar --format=ustar -chf - "$tardir" >conftest.tar
configure:2915: $? = 0
configure:2919: tar -xf - <conftest.tar
configure:2922: $? = 0
configure:2924: cat conftest.dir/file
GrepMe
configure:2927: $? = 0
configure:2940: result: gnutar
configure:3036: checking how to print strings
configure:3063: result: printf
configure:3096: checking for style of include used by make
configure:3124: result: GNU
configure:3195: checking for gcc
configure:3211: found /usr/bin/gcc
configure:3222: result: gcc
configure:3451: checking for C compiler version
configure:3460: gcc --version >&5
gcc (Debian 4.9.2-10) 4.9.2
Copyright (C) 2014 Free Software Foundation, Inc.
This is free software; see the source for copying conditions.  There is NO
warranty; not even for MERCHANTABILITY or FITNESS FOR A PARTICULAR PURPOSE.

configure:3471: $? = 0
configure:3460: gcc -v >&5
Using built-in specs.
COLLECT_GCC=gcc
COLLECT_LTO_WRAPPER=/usr/lib/gcc/x86_64-linux-gnu/4.9/lto-wrapper
Target: x86_64-linux-gnu
Configured with: ../src/configure -v --with-pkgversion='Debian 4.9.2-10' --with-bugurl=file:///usr/share/doc/gcc-4.9/README.Bugs --enable-languages=c,c++,java,go,d,fortran,objc,obj-c++ --prefix=/usr --program-suffix=-4.9 --enable-shared --enable-linker-build-id --libexecdir=/usr/lib --without-included-gettext --enable-threads=posix --with-gxx-include-dir=/usr/include/c++/4.9 --libdir=/usr/lib --enable-nls --with-sysroot=/ --enable-clocale=gnu --enable-libstdcxx-debug --enable-libstdcxx-time=yes --enable-gnu-unique-object --disable-vtable-verify --enable-plugin --with-system-zlib --disable-browser-plugin --enable-java-awt=gtk --enable-gtk-cairo --with-java-home=/usr/lib/jvm/java-1.5.0-gcj-4.9-amd64/jre --enable-java-home --with-jvm-root-dir=/usr/lib/jvm/java-1.5.0-gcj-4.9-amd64 --with-jvm-jar-dir=/usr/lib/jvm-exports/java-1.5.0-gcj-4.9-amd64 --with-arch-directory=amd64 --with-ecj-jar=/usr/share/java/eclipse-ecj.jar --enable-objc-gc --enable-multiarch --with-arch-32=i586 --with-abi=m64 --with-multilib-list=m32,m64,mx32 --enable-multilib --with-tune=generic --enable-checking=release --build=x86_64-linux-gnu --host=x86_64-linux-gnu --target=x86_64-linux-gnu
Thread model: posix
gcc version 4.9.2 (Debian 4.9.2-10) 
configure:3471: $? = 0
configure:3460: gcc -V >&5
gcc: error: unrecognized command line option '-V'
gcc: fatal error: no input files
compilation terminated.
configure:3471: $? = 4
configure:3460: gcc -qversion >&5
gcc: error: unrecognized command line option '-qversion'
gcc: fatal error: no input files
compilation terminated.
configure:3471: $? = 4
configure:3491: checking whether the C compiler works
configure:3513: gcc -fPIC   conftest.c  >&5
configure:3517: $? = 0
configure:3565: result: yes
configure:3568: checking for C compiler default output file name
configure:3570: result: a.out
configure:3576: checking for suffix of executables
configure:3583: gcc -o conftest -fPIC   conftest.c  >&5
configure:3587: $? = 0
configure:3609: result: 
configure:3631: checking whether we are cross compiling
configure:3639: gcc -o conftest -fPIC   conftest.c  >&5
configure:3643: $? = 0
configure:3650: ./conftest
configure:3654: $? = 0
configure:3669: result: no
configure:3674: checking for suffix of object files
configure:3696: gcc -c -fPIC  conftest.c >&5
configure:3700: $? = 0
configure:3721: result: o
configure:3725: checking whether we are using the GNU C compiler
configure:3744: gcc -c -fPIC  conftest.c >&5
configure:3744: $? = 0
configure:3753: result: yes
configure:3762: checking whether gcc accepts -g
configure:3782: gcc -c -g  conftest.c >&5
configure:3782: $? = 0
configure:3823: result: yes
configure:3840: checking for gcc option to accept ISO C89
configure:3903: gcc  -c -fPIC  conftest.c >&5
configure:3903: $? = 0
configure:3916: result: none needed
configure:3941: checking whether gcc understands -c and -o together
configure:3963: gcc -c conftest.c -o conftest2.o
configure:3966: $? = 0
configure:3963: gcc -c conftest.c -o conftest2.o
configure:3966: $? = 0
configure:3978: result: yes
configure:3997: checking dependency style of gcc
configure:4108: result: gcc3
configure:4123: checking for a sed that does not truncate output
configure:4187: result: /bin/sed
configure:4205: checking for grep that handles long lines and -e
configure:4263: result: /bin/grep
configure:4268: checking for egrep
configure:4330: result: /bin/grep -E
configure:4335: checking for fgrep
configure:4397: result: /bin/grep -F
configure:4432: checking for ld used by gcc
configure:4499: result: /usr/bin/ld
configure:4506: checking if the linker (/usr/bin/ld) is GNU ld
configure:4521: result: yes
configure:4533: checking for BSD- or MS-compatible name lister (nm)
configure:4582: result: /usr/bin/nm -B
configure:4712: checking the name lister (/usr/bin/nm -B) interface
configure:4719: gcc -c -fPIC  conftest.c >&5
configure:4722: /usr/bin/nm -B "conftest.o"
configure:4725: output
0000000000000000 B some_variable
configure:4732: result: BSD nm
configure:4735: checking whether ln -s works
configure:4739: result: yes
configure:4747: checking the maximum length of command line arguments
configure:4878: result: 1572864
configure:4895: checking whether the shell understands some XSI constructs
configure:4905: result: yes
configure:4909: checking whether the shell understands "+="
configure:4915: result: yes
configure:4950: checking how to convert x86_64-unknown-linux-gnu file names to x86_64-unknown-linux-gnu format
configure:4990: result: func_convert_file_noop
configure:4997: checking how to convert x86_64-unknown-linux-gnu file names to toolchain format
configure:5017: result: func_convert_file_noop
configure:5024: checking for /usr/bin/ld option to reload object files
configure:5031: result: -r
configure:5105: checking for objdump
configure:5121: found /usr/bin/objdump
configure:5132: result: objdump
configure:5164: checking how to recognize dependent libraries
configure:5362: result: pass_all
configure:5447: checking for dlltool
configure:5477: result: no
configure:5507: checking how to associate runtime and link libraries
configure:5534: result: printf %s\n
configure:5595: checking for ar
configure:5611: found /usr/bin/ar
configure:5622: result: ar
configure:5659: checking for archiver @FILE support
configure:5676: gcc -c -fPIC  conftest.c >&5
configure:5676: $? = 0
configure:5679: ar cru libconftest.a @conftest.lst >&5
configure:5682: $? = 0
configure:5687: ar cru libconftest.a @conftest.lst >&5
ar: conftest.o: No such file or directory
configure:5690: $? = 1
configure:5702: result: @
configure:5760: checking for strip
configure:5776: found /usr/bin/strip
configure:5787: result: strip
configure:5859: checking for ranlib
configure:5875: found /usr/bin/ranlib
configure:5886: result: ranlib
configure:5988: checking command to parse /usr/bin/nm -B output from gcc object
configure:6108: gcc -c -fPIC  conftest.c >&5
configure:6111: $? = 0
configure:6115: /usr/bin/nm -B conftest.o \| sed -n -e 's/^.*[ ]\([ABCDGIRSTW][ABCDGIRSTW]*\)[ ][ ]*\([_A-Za-z][_A-Za-z0-9]*\)$/\1 \2 \2/p' | sed '/ __gnu_lto/d' \> conftest.nm
configure:6118: $? = 0
configure:6184: gcc -o conftest -fPIC   conftest.c conftstm.o >&5
configure:6187: $? = 0
configure:6225: result: ok
configure:6262: checking for sysroot
configure:6292: result: no
configure:6369: gcc -c -fPIC  conftest.c >&5
configure:6372: $? = 0
configure:6561: checking for mt
configure:6577: found /bin/mt
configure:6588: result: mt
configure:6611: checking if mt is a manifest tool
configure:6617: mt '-?'
configure:6625: result: no
configure:7267: checking how to run the C preprocessor
configure:7298: gcc -E  conftest.c
configure:7298: $? = 0
configure:7312: gcc -E  conftest.c
conftest.c:11:28: fatal error: ac_nonexistent.h: No such file or directory
 #include <ac_nonexistent.h>
                            ^
compilation terminated.
configure:7312: $? = 1
configure: failed program was:
| /* confdefs.h */
| #define PACKAGE_NAME "bcg729"
| #define PACKAGE_TARNAME "bcg729"
| #define PACKAGE_VERSION "1.0.1"
| #define PACKAGE_STRING "bcg729 1.0.1"
| #define PACKAGE_BUGREPORT ""
| #define PACKAGE_URL ""
| #define PACKAGE "bcg729"
| #define VERSION "1.0.1"
| /* end confdefs.h.  */
| #include <ac_nonexistent.h>
configure:7337: result: gcc -E
configure:7357: gcc -E  conftest.c
configure:7357: $? = 0
configure:7371: gcc -E  conftest.c
conftest.c:11:28: fatal error: ac_nonexistent.h: No such file or directory
 #include <ac_nonexistent.h>
                            ^
compilation terminated.
configure:7371: $? = 1
configure: failed program was:
| /* confdefs.h */
| #define PACKAGE_NAME "bcg729"
| #define PACKAGE_TARNAME "bcg729"
| #define PACKAGE_VERSION "1.0.1"
| #define PACKAGE_STRING "bcg729 1.0.1"
| #define PACKAGE_BUGREPORT ""
| #define PACKAGE_URL ""
| #define PACKAGE "bcg729"
| #define VERSION "1.0.1"
| /* end confdefs.h.  */
| #include <ac_nonexistent.h>
configure:7400: checking for ANSI C header files
configure:7420: gcc -c -fPIC  conftest.c >&5
configure:7420: $? = 0
configure:7493: gcc -o conftest -fPIC   conftest.c  >&5
configure:7493: $? = 0
configure:7493: ./conftest
configure:7493: $? = 0
configure:7504: result: yes
configure:7517: checking for sys/types.h
configure:7517: gcc -c -fPIC  conftest.c >&5
configure:7517: $? = 0
configure:7517: result: yes
configure:7517: checking for sys/stat.h
configure:7517: gcc -c -fPIC  conftest.c >&5
configure:7517: $? = 0
configure:7517: result: yes
configure:7517: checking for stdlib.h
configure:7517: gcc -c -fPIC  conftest.c >&5
configure:7517: $? = 0
configure:7517: result: yes
configure:7517: checking for string.h
configure:7517: gcc -c -fPIC  conftest.c >&5
configure:7517: $? = 0
configure:7517: result: yes
configure:7517: checking for memory.h
configure:7517: gcc -c -fPIC  conftest.c >&5
configure:7517: $? = 0
configure:7517: result: yes
configure:7517: checking for strings.h
configure:7517: gcc -c -fPIC  conftest.c >&5
configure:7517: $? = 0
configure:7517: result: yes
configure:7517: checking for inttypes.h
configure:7517: gcc -c -fPIC  conftest.c >&5
configure:7517: $? = 0
configure:7517: result: yes
configure:7517: checking for stdint.h
configure:7517: gcc -c -fPIC  conftest.c >&5
configure:7517: $? = 0
configure:7517: result: yes
configure:7517: checking for unistd.h
configure:7517: gcc -c -fPIC  conftest.c >&5
configure:7517: $? = 0
configure:7517: result: yes
configure:7531: checking for dlfcn.h
configure:7531: gcc -c -fPIC  conftest.c >&5
configure:7531: $? = 0
configure:7531: result: yes
configure:7737: checking for objdir
configure:7752: result: .libs
configure:8023: checking if gcc supports -fno-rtti -fno-exceptions
configure:8041: gcc -c -fPIC  -fno-rtti -fno-exceptions conftest.c >&5
cc1: warning: command line option '-fno-rtti' is valid for C++/ObjC++ but not for C
configure:8045: $? = 0
configure:8058: result: no
configure:8385: checking for gcc option to produce PIC
configure:8392: result: -fPIC -DPIC
configure:8400: checking if gcc PIC flag -fPIC -DPIC works
configure:8418: gcc -c -fPIC  -fPIC -DPIC -DPIC conftest.c >&5
configure:8422: $? = 0
configure:8435: result: yes
configure:8464: checking if gcc static flag -static works
configure:8492: result: yes
configure:8507: checking if gcc supports -c -o file.o
configure:8528: gcc -c -fPIC  -o out/conftest2.o conftest.c >&5
configure:8532: $? = 0
configure:8554: result: yes
configure:8562: checking if gcc supports -c -o file.o
configure:8609: result: yes
configure:8642: checking whether the gcc linker (/usr/bin/ld -m elf_x86_64) supports shared libraries
configure:9799: result: yes
configure:9836: checking whether -lc should be explicitly linked in
configure:9844: gcc -c -fPIC  conftest.c >&5
configure:9847: $? = 0
configure:9862: gcc -shared  -fPIC -DPIC conftest.o  -v -Wl,-soname -Wl,conftest -o conftest 2\>\&1 \| /bin/grep  -lc  \>/dev/null 2\>\&1
configure:9865: $? = 0
configure:9879: result: no
configure:10039: checking dynamic linker characteristics
configure:10539: gcc -o conftest -fPIC   -Wl,-rpath -Wl,/foo conftest.c  >&5
configure:10539: $? = 0
configure:10773: result: GNU/Linux ld.so
configure:10880: checking how to hardcode library paths into programs
configure:10905: result: immediate
configure:11445: checking whether stripping libraries is possible
configure:11450: result: yes
configure:11485: checking if libtool supports shared libraries
configure:11487: result: yes
configure:11490: checking whether to build shared libraries
configure:11511: result: yes
configure:11514: checking whether to build static libraries
configure:11518: result: yes
configure:11603: checking for gcc
configure:11630: result: gcc
configure:11859: checking for C compiler version
configure:11868: gcc --version >&5
gcc (Debian 4.9.2-10) 4.9.2
Copyright (C) 2014 Free Software Foundation, Inc.
This is free software; see the source for copying conditions.  There is NO
warranty; not even for MERCHANTABILITY or FITNESS FOR A PARTICULAR PURPOSE.

configure:11879: $? = 0
configure:11868: gcc -v >&5
Using built-in specs.
COLLECT_GCC=gcc
COLLECT_LTO_WRAPPER=/usr/lib/gcc/x86_64-linux-gnu/4.9/lto-wrapper
Target: x86_64-linux-gnu
Configured with: ../src/configure -v --with-pkgversion='Debian 4.9.2-10' --with-bugurl=file:///usr/share/doc/gcc-4.9/README.Bugs --enable-languages=c,c++,java,go,d,fortran,objc,obj-c++ --prefix=/usr --program-suffix=-4.9 --enable-shared --enable-linker-build-id --libexecdir=/usr/lib --without-included-gettext --enable-threads=posix --with-gxx-include-dir=/usr/include/c++/4.9 --libdir=/usr/lib --enable-nls --with-sysroot=/ --enable-clocale=gnu --enable-libstdcxx-debug --enable-libstdcxx-time=yes --enable-gnu-unique-object --disable-vtable-verify --enable-plugin --with-system-zlib --disable-browser-plugin --enable-java-awt=gtk --enable-gtk-cairo --with-java-home=/usr/lib/jvm/java-1.5.0-gcj-4.9-amd64/jre --enable-java-home --with-jvm-root-dir=/usr/lib/jvm/java-1.5.0-gcj-4.9-amd64 --with-jvm-jar-dir=/usr/lib/jvm-exports/java-1.5.0-gcj-4.9-amd64 --with-arch-directory=amd64 --with-ecj-jar=/usr/share/java/eclipse-ecj.jar --enable-objc-gc --enable-multiarch --with-arch-32=i586 --with-abi=m64 --with-multilib-list=m32,m64,mx32 --enable-multilib --with-tune=generic --enable-checking=release --build=x86_64-linux-gnu --host=x86_64-linux-gnu --target=x86_64-linux-gnu
Thread model: posix
gcc version 4.9.2 (Debian 4.9.2-10) 
configure:11879: $? = 0
configure:11868: gcc -V >&5
gcc: error: unrecognized command line option '-V'
gcc: fatal error: no input files
compilation terminated.
configure:11879: $? = 4
configure:11868: gcc -qversion >&5
gcc: error: unrecognized command line option '-qversion'
gcc: fatal error: no input files
compilation terminated.
configure:11879: $? = 4
configure:11883: checking whether we are using the GNU C compiler
configure:11911: result: yes
configure:11920: checking whether gcc accepts -g
configure:11981: result: yes
configure:11998: checking for gcc option to accept ISO C89
configure:12074: result: none needed
configure:12099: checking whether gcc understands -c and -o together
configure:12136: result: yes
configure:12155: checking dependency style of gcc
configure:12266: result: gcc3
configure:12294: checking whether make supports nested variables
configure:12311: result: yes
configure:12416: checking for pkg-config
configure:12434: found /usr/bin/pkg-config
configure:12446: result: /usr/bin/pkg-config
configure:12471: checking pkg-config is at least version 0.9.0
configure:12474: result: yes
configure:12484: checking for ORTP
configure:12491: $PKG_CONFIG --exists --print-errors "ortp >= 0.21.0"
Package ortp was not found in the pkg-config search path.
Perhaps you should add the directory containing `ortp.pc'
to the PKG_CONFIG_PATH environment variable
No package 'ortp' found
configure:12494: $? = 1
configure:12508: $PKG_CONFIG --exists --print-errors "ortp >= 0.21.0"
Package ortp was not found in the pkg-config search path.
Perhaps you should add the directory containing `ortp.pc'
to the PKG_CONFIG_PATH environment variable
No package 'ortp' found
configure:12511: $? = 1
configure:12525: result: no
No package 'ortp' found
configure:12555: checking for MEDIASTREAMER
configure:12562: $PKG_CONFIG --exists --print-errors "mediastreamer >= 2.8.99"
Package mediastreamer was not found in the pkg-config search path.
Perhaps you should add the directory containing `mediastreamer.pc'
to the PKG_CONFIG_PATH environment variable
No package 'mediastreamer' found
configure:12565: $? = 1
configure:12579: $PKG_CONFIG --exists --print-errors "mediastreamer >= 2.8.99"
Package mediastreamer was not found in the pkg-config search path.
Perhaps you should add the directory containing `mediastreamer.pc'
to the PKG_CONFIG_PATH environment variable
No package 'mediastreamer' found
configure:12582: $? = 1
configure:12596: result: no
No package 'mediastreamer' found
configure:12780: checking that generated files are newer than configure
configure:12786: result: done
configure:12821: creating ./config.status

## ---------------------- ##
## Running config.status. ##
## ---------------------- ##

This file was extended by bcg729 config.status 1.0.1, which was
generated by GNU Autoconf 2.69.  Invocation command line was

  CONFIG_FILES    = 
  CONFIG_HEADERS  = 
  CONFIG_LINKS    = 
  CONFIG_COMMANDS = 
  $ ./config.status 

on ip-172-31-45-22

config.status:1107: creating Makefile
config.status:1107: creating src/Makefile
config.status:1107: creating include/Makefile
config.status:1107: creating include/bcg729/Makefile
config.status:1107: creating msbcg729/Makefile
config.status:1107: creating test/Makefile
config.status:1107: creating test/bin/Makefile
config.status:1107: creating libbcg729.pc
config.status:1107: creating bcg729.spec
config.status:1107: creating config.h
config.status:1336: executing depfiles commands
config.status:1336: executing libtool commands
config.status:1336: executing libtool-hacking commands

## ---------------- ##
## Cache variables. ##
## ---------------- ##

ac_cv_build=x86_64-unknown-linux-gnu
ac_cv_c_compiler_gnu=yes
ac_cv_env_CC_set=
ac_cv_env_CC_value=
ac_cv_env_CFLAGS_set=set
ac_cv_env_CFLAGS_value=-fPIC
ac_cv_env_CPPFLAGS_set=
ac_cv_env_CPPFLAGS_value=
ac_cv_env_CPP_set=
ac_cv_env_CPP_value=
ac_cv_env_LDFLAGS_set=
ac_cv_env_LDFLAGS_value=
ac_cv_env_LIBS_set=
ac_cv_env_LIBS_value=
ac_cv_env_MEDIASTREAMER_CFLAGS_set=
ac_cv_env_MEDIASTREAMER_CFLAGS_value=
ac_cv_env_MEDIASTREAMER_LIBS_set=
ac_cv_env_MEDIASTREAMER_LIBS_value=
ac_cv_env_ORTP_CFLAGS_set=
ac_cv_env_ORTP_CFLAGS_value=
ac_cv_env_ORTP_LIBS_set=
ac_cv_env_ORTP_LIBS_value=
ac_cv_env_PKG_CONFIG_LIBDIR_set=
ac_cv_env_PKG_CONFIG_LIBDIR_value=
ac_cv_env_PKG_CONFIG_PATH_set=
ac_cv_env_PKG_CONFIG_PATH_value=
ac_cv_env_PKG_CONFIG_set=
ac_cv_env_PKG_CONFIG_value=
ac_cv_env_build_alias_set=
ac_cv_env_build_alias_value=
ac_cv_env_host_alias_set=
ac_cv_env_host_alias_value=
ac_cv_env_target_alias_set=
ac_cv_env_target_alias_value=
ac_cv_header_dlfcn_h=yes
ac_cv_header_inttypes_h=yes
ac_cv_header_memory_h=yes
ac_cv_header_stdc=yes
ac_cv_header_stdint_h=yes
ac_cv_header_stdlib_h=yes
ac_cv_header_string_h=yes
ac_cv_header_strings_h=yes
ac_cv_header_sys_stat_h=yes
ac_cv_header_sys_types_h=yes
ac_cv_header_unistd_h=yes
ac_cv_host=x86_64-unknown-linux-gnu
ac_cv_objext=o
ac_cv_path_EGREP='/bin/grep -E'
ac_cv_path_FGREP='/bin/grep -F'
ac_cv_path_GREP=/bin/grep
ac_cv_path_SED=/bin/sed
ac_cv_path_ac_pt_PKG_CONFIG=/usr/bin/pkg-config
ac_cv_path_install='/usr/bin/install -c'
ac_cv_path_mkdir=/bin/mkdir
ac_cv_prog_AWK=gawk
ac_cv_prog_CPP='gcc -E'
ac_cv_prog_ac_ct_AR=ar
ac_cv_prog_ac_ct_CC=gcc
ac_cv_prog_ac_ct_MANIFEST_TOOL=mt
ac_cv_prog_ac_ct_OBJDUMP=objdump
ac_cv_prog_ac_ct_RANLIB=ranlib
ac_cv_prog_ac_ct_STRIP=strip
ac_cv_prog_cc_c89=
ac_cv_prog_cc_g=yes
ac_cv_prog_make_make_set=yes
ac_cv_target=x86_64-unknown-linux-gnu
am_cv_CC_dependencies_compiler_type=gcc3
am_cv_make_support_nested_variables=yes
am_cv_prog_cc_c_o=yes
am_cv_prog_tar_ustar=gnutar
lt_cv_ar_at_file=@
lt_cv_archive_cmds_need_lc=no
lt_cv_deplibs_check_method=pass_all
lt_cv_file_magic_cmd='$MAGIC_CMD'
lt_cv_file_magic_test_file=
lt_cv_ld_reload_flag=-r
lt_cv_nm_interface='BSD nm'
lt_cv_objdir=.libs
lt_cv_path_LD=/usr/bin/ld
lt_cv_path_NM='/usr/bin/nm -B'
lt_cv_path_mainfest_tool=no
lt_cv_prog_compiler_c_o=yes
lt_cv_prog_compiler_pic='-fPIC -DPIC'
lt_cv_prog_compiler_pic_works=yes
lt_cv_prog_compiler_rtti_exceptions=no
lt_cv_prog_compiler_static_works=yes
lt_cv_prog_gnu_ld=yes
lt_cv_sharedlib_from_linklib_cmd='printf %s\n'
lt_cv_shlibpath_overrides_runpath=no
lt_cv_sys_global_symbol_pipe='sed -n -e '\''s/^.*[	 ]\([ABCDGIRSTW][ABCDGIRSTW]*\)[	 ][	 ]*\([_A-Za-z][_A-Za-z0-9]*\)$/\1 \2 \2/p'\'' | sed '\''/ __gnu_lto/d'\'''
lt_cv_sys_global_symbol_to_c_name_address='sed -n -e '\''s/^: \([^ ]*\)[ ]*$/  {\"\1\", (void *) 0},/p'\'' -e '\''s/^[ABCDGIRSTW]* \([^ ]*\) \([^ ]*\)$/  {"\2", (void *) \&\2},/p'\'''
lt_cv_sys_global_symbol_to_c_name_address_lib_prefix='sed -n -e '\''s/^: \([^ ]*\)[ ]*$/  {\"\1\", (void *) 0},/p'\'' -e '\''s/^[ABCDGIRSTW]* \([^ ]*\) \(lib[^ ]*\)$/  {"\2", (void *) \&\2},/p'\'' -e '\''s/^[ABCDGIRSTW]* \([^ ]*\) \([^ ]*\)$/  {"lib\2", (void *) \&\2},/p'\'''
lt_cv_sys_global_symbol_to_cdecl='sed -n -e '\''s/^T .* \(.*\)$/extern int \1();/p'\'' -e '\''s/^[ABCDGIRSTW]* .* \(.*\)$/extern char \1;/p'\'''
lt_cv_sys_max_cmd_len=1572864
lt_cv_to_host_file_cmd=func_convert_file_noop
lt_cv_to_tool_file_cmd=func_convert_file_noop

## ----------------- ##
## Output variables. ##
## ----------------- ##

ACLOCAL='${SHELL} /usr/src/romon_bcg729/bcg729/missing aclocal-1.14'
AMDEPBACKSLASH='\'
AMDEP_FALSE='#'
AMDEP_TRUE=''
AMTAR='$${TAR-tar}'
AM_BACKSLASH='\'
AM_DEFAULT_V='$(AM_DEFAULT_VERBOSITY)'
AM_DEFAULT_VERBOSITY='0'
AM_V='$(V)'
AR='ar'
AUTOCONF='${SHELL} /usr/src/romon_bcg729/bcg729/missing autoconf'
AUTOHEADER='${SHELL} /usr/src/romon_bcg729/bcg729/missing autoheader'
AUTOMAKE='${SHELL} /usr/src/romon_bcg729/bcg729/missing automake-1.14'
AWK='gawk'
BUILD_MSBCG729_FALSE=''
BUILD_MSBCG729_TRUE='#'
CC='gcc'
CCDEPMODE='depmode=gcc3'
CFLAGS='-fPIC -Wall -Werror '
CPP='gcc -E'
CPPFLAGS=''
CYGPATH_W='echo'
DEFS='-DHAVE_CONFIG_H'
DEPDIR='.deps'
DLLTOOL='false'
DSYMUTIL=''
DUMPBIN=''
ECHO_C=''
ECHO_N='-n'
ECHO_T=''
EGREP='/bin/grep -E'
EXEEXT=''
FGREP='/bin/grep -F'
GREP='/bin/grep'
INSTALL_DATA='${INSTALL} -m 644'
INSTALL_PROGRAM='${INSTALL}'
INSTALL_SCRIPT='${INSTALL}'
INSTALL_STRIP_PROGRAM='$(install_sh) -c -s'
LD='/usr/bin/ld -m elf_x86_64'
LDFLAGS=''
LIBOBJS=''
LIBS=''
LIBTOOL='$(SHELL) $(top_builddir)/libtool'
LIPO=''
LN_S='ln -s'
LTLIBOBJS=''
MAKEINFO='${SHELL} /usr/src/romon_bcg729/bcg729/missing makeinfo'
MANIFEST_TOOL=':'
MEDIASTREAMER_CFLAGS=''
MEDIASTREAMER_LIBS=''
MKDIR_P='/bin/mkdir -p'
NM='/usr/bin/nm -B'
NMEDIT=''
OBJDUMP='objdump'
OBJEXT='o'
ORTP_CFLAGS=''
ORTP_LIBS=''
OTOOL64=''
OTOOL=''
PACKAGE='bcg729'
PACKAGE_BUGREPORT=''
PACKAGE_NAME='bcg729'
PACKAGE_STRING='bcg729 1.0.1'
PACKAGE_TARNAME='bcg729'
PACKAGE_URL=''
PACKAGE_VERSION='1.0.1'
PATH_SEPARATOR=':'
PKG_CONFIG='/usr/bin/pkg-config'
PKG_CONFIG_LIBDIR=''
PKG_CONFIG_PATH=''
RANLIB='ranlib'
RUN_TESTS_FALSE='#'
RUN_TESTS_TRUE=''
SED='/bin/sed'
SET_MAKE=''
SHELL='/bin/bash'
STRIP='strip'
VERSION='1.0.1'
VISIBILITY_CFLAGS='-fvisibility=hidden'
ac_ct_AR='ar'
ac_ct_CC='gcc'
ac_ct_DUMPBIN=''
am__EXEEXT_FALSE=''
am__EXEEXT_TRUE='#'
am__fastdepCC_FALSE='#'
am__fastdepCC_TRUE=''
am__include='include'
am__isrc=''
am__leading_dot='.'
am__nodep='_no'
am__quote=''
am__tar='tar --format=ustar -chf - "$$tardir"'
am__untar='tar -xf -'
bindir='${exec_prefix}/bin'
build='x86_64-unknown-linux-gnu'
build_alias=''
build_cpu='x86_64'
build_os='linux-gnu'
build_vendor='unknown'
datadir='${datarootdir}'
datarootdir='${prefix}/share'
docdir='${datarootdir}/doc/${PACKAGE_TARNAME}'
dvidir='${docdir}'
exec_prefix='${prefix}'
host='x86_64-unknown-linux-gnu'
host_alias=''
host_cpu='x86_64'
host_os='linux-gnu'
host_vendor='unknown'
htmldir='${docdir}'
includedir='${prefix}/include'
infodir='${datarootdir}/info'
install_sh='${SHELL} /usr/src/romon_bcg729/bcg729/install-sh'
libdir='${exec_prefix}/lib'
libexecdir='${exec_prefix}/libexec'
localedir='${datarootdir}/locale'
localstatedir='${prefix}/var'
mandir='${datarootdir}/man'
mkdir_p='$(MKDIR_P)'
oldincludedir='/usr/include'
pdfdir='${docdir}'
prefix='/usr/local'
program_transform_name='s,x,x,'
psdir='${docdir}'
sbindir='${exec_prefix}/sbin'
sharedstatedir='${prefix}/com'
sysconfdir='${prefix}/etc'
target='x86_64-unknown-linux-gnu'
target_alias=''
target_cpu='x86_64'
target_os='linux-gnu'
target_vendor='unknown'

## ----------- ##
## confdefs.h. ##
## ----------- ##

/* confdefs.h */
#define PACKAGE_NAME "bcg729"
#define PACKAGE_TARNAME "bcg729"
#define PACKAGE_VERSION "1.0.1"
#define PACKAGE_STRING "bcg729 1.0.1"
#define PACKAGE_BUGREPORT ""
#define PACKAGE_URL ""
#define PACKAGE "bcg729"
#define VERSION "1.0.1"
#define STDC_HEADERS 1
#define HAVE_SYS_TYPES_H 1
#define HAVE_SYS_STAT_H 1
#define HAVE_STDLIB_H 1
#define HAVE_STRING_H 1
#define HAVE_MEMORY_H 1
#define HAVE_STRINGS_H 1
#define HAVE_INTTYPES_H 1
#define HAVE_STDINT_H 1
#define HAVE_UNISTD_H 1
#define HAVE_DLFCN_H 1
#define LT_OBJDIR ".libs/"

configure: exit 0
